{"level":"info","message":"Cloud server running on http://localhost:3000","timestamp":"2025-11-18T00:50:08.694Z"}
{"level":"info","message":"Shutting down cloud server...","timestamp":"2025-11-18T00:51:42.618Z"}
{"level":"info","message":"Cloud server running on http://0.0.0.0:3000","timestamp":"2025-11-18T13:40:00.738Z"}
{"level":"warn","message":"Synthetic alert emitted: {\"type\":\"BATTERY_LOW\",\"message\":\"Battery trending low, schedule maintenance\",\"level\":\"danger\",\"deviceId\":\"edge-node-delta\",\"timestamp\":\"2025-11-18T13:40:08.746Z\",\"id\":1763473208746}","timestamp":"2025-11-18T13:40:08.746Z"}
{"level":"warn","message":"Synthetic alert emitted: {\"type\":\"TEMPERATURE_ANOMALY\",\"message\":\"Temperature moving outside comfort band\",\"level\":\"warning\",\"deviceId\":\"edge-node-charlie\",\"timestamp\":\"2025-11-18T13:40:16.752Z\",\"id\":1763473216752}","timestamp":"2025-11-18T13:40:16.752Z"}
{"level":"warn","message":"Synthetic alert emitted: {\"type\":\"BATTERY_LOW\",\"message\":\"Battery trending low, schedule maintenance\",\"level\":\"danger\",\"deviceId\":\"edge-node-alpha\",\"timestamp\":\"2025-11-18T13:40:24.756Z\",\"id\":1763473224756}","timestamp":"2025-11-18T13:40:24.756Z"}
{"level":"warn","message":"Synthetic alert emitted: {\"type\":\"TEMPERATURE_ANOMALY\",\"message\":\"Temperature moving outside comfort band\",\"level\":\"warning\",\"deviceId\":\"edge-node-alpha\",\"timestamp\":\"2025-11-18T13:40:32.768Z\",\"id\":1763473232768}","timestamp":"2025-11-18T13:40:32.768Z"}
{"level":"warn","message":"Synthetic alert emitted: {\"type\":\"BATTERY_LOW\",\"message\":\"Battery trending low, schedule maintenance\",\"level\":\"danger\",\"deviceId\":\"edge-node-bravo\",\"timestamp\":\"2025-11-18T13:40:32.770Z\",\"id\":1763473232770}","timestamp":"2025-11-18T13:40:32.770Z"}
{"level":"info","message":"Cloud server running on http://0.0.0.0:3000","timestamp":"2025-11-18T13:42:32.893Z"}
{"level":"warn","message":"Synthetic alert emitted: {\"type\":\"BATTERY_LOW\",\"message\":\"Battery trending low, schedule maintenance\",\"level\":\"danger\",\"deviceId\":\"edge-node-bravo\",\"timestamp\":\"2025-11-18T13:42:40.915Z\",\"id\":1763473360915}","timestamp":"2025-11-18T13:42:40.915Z"}
{"level":"warn","message":"Synthetic alert emitted: {\"type\":\"TEMPERATURE_ANOMALY\",\"message\":\"Temperature moving outside comfort band\",\"level\":\"warning\",\"deviceId\":\"edge-node-bravo\",\"timestamp\":\"2025-11-18T13:42:48.920Z\",\"id\":1763473368920}","timestamp":"2025-11-18T13:42:48.920Z"}
{"level":"warn","message":"Synthetic alert emitted: {\"type\":\"TEMPERATURE_ANOMALY\",\"message\":\"Temperature moving outside comfort band\",\"level\":\"warning\",\"deviceId\":\"edge-node-charlie\",\"timestamp\":\"2025-11-18T13:42:48.923Z\",\"id\":1763473368923}","timestamp":"2025-11-18T13:42:48.924Z"}
{"level":"warn","message":"Synthetic alert emitted: {\"type\":\"BATTERY_LOW\",\"message\":\"Battery trending low, schedule maintenance\",\"level\":\"danger\",\"deviceId\":\"edge-node-bravo\",\"timestamp\":\"2025-11-18T13:43:20.979Z\",\"id\":1763473400979}","timestamp":"2025-11-18T13:43:20.979Z"}
{"level":"warn","message":"Synthetic alert emitted: {\"type\":\"HUMIDITY_HIGH\",\"message\":\"Humidity spike detected\",\"level\":\"info\",\"deviceId\":\"edge-node-alpha\",\"timestamp\":\"2025-11-18T13:43:28.988Z\",\"id\":1763473408988}","timestamp":"2025-11-18T13:43:28.989Z"}
{"level":"warn","message":"Synthetic alert emitted: {\"type\":\"BATTERY_LOW\",\"message\":\"Battery trending low, schedule maintenance\",\"level\":\"danger\",\"deviceId\":\"edge-node-bravo\",\"timestamp\":\"2025-11-18T13:43:28.990Z\",\"id\":1763473408990}","timestamp":"2025-11-18T13:43:28.990Z"}
{"level":"warn","message":"Synthetic alert emitted: {\"type\":\"BATTERY_LOW\",\"message\":\"Battery trending low, schedule maintenance\",\"level\":\"danger\",\"deviceId\":\"edge-node-bravo\",\"timestamp\":\"2025-11-18T13:43:36.995Z\",\"id\":1763473416995}","timestamp":"2025-11-18T13:43:36.996Z"}
{"level":"warn","message":"Synthetic alert emitted: {\"type\":\"HUMIDITY_HIGH\",\"message\":\"Humidity spike detected\",\"level\":\"info\",\"deviceId\":\"edge-node-alpha\",\"timestamp\":\"2025-11-18T13:43:44.999Z\",\"id\":1763473424999}","timestamp":"2025-11-18T13:43:44.999Z"}
{"level":"warn","message":"Synthetic alert emitted: {\"type\":\"BATTERY_LOW\",\"message\":\"Battery trending low, schedule maintenance\",\"level\":\"danger\",\"deviceId\":\"edge-node-delta\",\"timestamp\":\"2025-11-18T13:43:53.001Z\",\"id\":1763473433001}","timestamp":"2025-11-18T13:43:53.001Z"}
{"level":"warn","message":"Synthetic alert emitted: {\"type\":\"BATTERY_LOW\",\"message\":\"Battery trending low, schedule maintenance\",\"level\":\"danger\",\"deviceId\":\"edge-node-alpha\",\"timestamp\":\"2025-11-18T13:44:33.061Z\",\"id\":1763473473061}","timestamp":"2025-11-18T13:44:33.061Z"}
{"level":"warn","message":"Synthetic alert emitted: {\"type\":\"HUMIDITY_HIGH\",\"message\":\"Humidity spike detected\",\"level\":\"info\",\"deviceId\":\"edge-node-charlie\",\"timestamp\":\"2025-11-18T13:44:33.062Z\",\"id\":1763473473062}","timestamp":"2025-11-18T13:44:33.062Z"}
{"level":"warn","message":"Synthetic alert emitted: {\"type\":\"TEMPERATURE_ANOMALY\",\"message\":\"Temperature moving outside comfort band\",\"level\":\"warning\",\"deviceId\":\"edge-node-charlie\",\"timestamp\":\"2025-11-18T13:44:41.075Z\",\"id\":1763473481075}","timestamp":"2025-11-18T13:44:41.075Z"}
{"level":"warn","message":"Synthetic alert emitted: {\"type\":\"HUMIDITY_HIGH\",\"message\":\"Humidity spike detected\",\"level\":\"info\",\"deviceId\":\"edge-node-delta\",\"timestamp\":\"2025-11-18T13:44:49.099Z\",\"id\":1763473489099}","timestamp":"2025-11-18T13:44:49.099Z"}
{"level":"warn","message":"Synthetic alert emitted: {\"type\":\"TEMPERATURE_ANOMALY\",\"message\":\"Temperature moving outside comfort band\",\"level\":\"warning\",\"deviceId\":\"edge-node-delta\",\"timestamp\":\"2025-11-18T13:44:57.103Z\",\"id\":1763473497103}","timestamp":"2025-11-18T13:44:57.104Z"}
{"level":"warn","message":"Synthetic alert emitted: {\"type\":\"BATTERY_LOW\",\"message\":\"Battery trending low, schedule maintenance\",\"level\":\"danger\",\"deviceId\":\"edge-node-delta\",\"timestamp\":\"2025-11-18T13:45:05.109Z\",\"id\":1763473505109}","timestamp":"2025-11-18T13:45:05.109Z"}
{"level":"warn","message":"Synthetic alert emitted: {\"type\":\"BATTERY_LOW\",\"message\":\"Battery trending low, schedule maintenance\",\"level\":\"danger\",\"deviceId\":\"edge-node-alpha\",\"timestamp\":\"2025-11-18T13:45:21.122Z\",\"id\":1763473521122}","timestamp":"2025-11-18T13:45:21.122Z"}
{"level":"warn","message":"Synthetic alert emitted: {\"type\":\"BATTERY_LOW\",\"message\":\"Battery trending low, schedule maintenance\",\"level\":\"danger\",\"deviceId\":\"edge-node-charlie\",\"timestamp\":\"2025-11-18T13:45:21.122Z\",\"id\":1763473521122}","timestamp":"2025-11-18T13:45:21.122Z"}
{"level":"warn","message":"Synthetic alert emitted: {\"type\":\"BATTERY_LOW\",\"message\":\"Battery trending low, schedule maintenance\",\"level\":\"danger\",\"deviceId\":\"edge-node-bravo\",\"timestamp\":\"2025-11-18T13:45:29.136Z\",\"id\":1763473529136}","timestamp":"2025-11-18T13:45:29.136Z"}
{"level":"warn","message":"Synthetic alert emitted: {\"type\":\"BATTERY_LOW\",\"message\":\"Battery trending low, schedule maintenance\",\"level\":\"danger\",\"deviceId\":\"edge-node-charlie\",\"timestamp\":\"2025-11-18T13:45:37.150Z\",\"id\":1763473537150}","timestamp":"2025-11-18T13:45:37.150Z"}
{"level":"warn","message":"Synthetic alert emitted: {\"type\":\"BATTERY_LOW\",\"message\":\"Battery trending low, schedule maintenance\",\"level\":\"danger\",\"deviceId\":\"edge-node-alpha\",\"timestamp\":\"2025-11-18T13:45:45.165Z\",\"id\":1763473545165}","timestamp":"2025-11-18T13:45:45.165Z"}
{"level":"warn","message":"Synthetic alert emitted: {\"type\":\"HUMIDITY_HIGH\",\"message\":\"Humidity spike detected\",\"level\":\"info\",\"deviceId\":\"edge-node-alpha\",\"timestamp\":\"2025-11-18T13:45:53.167Z\",\"id\":1763473553167}","timestamp":"2025-11-18T13:45:53.167Z"}
{"level":"warn","message":"Synthetic alert emitted: {\"type\":\"HUMIDITY_HIGH\",\"message\":\"Humidity spike detected\",\"level\":\"info\",\"deviceId\":\"edge-node-bravo\",\"timestamp\":\"2025-11-18T13:45:53.168Z\",\"id\":1763473553168}","timestamp":"2025-11-18T13:45:53.168Z"}
{"level":"warn","message":"Synthetic alert emitted: {\"type\":\"TEMPERATURE_ANOMALY\",\"message\":\"Temperature moving outside comfort band\",\"level\":\"warning\",\"deviceId\":\"edge-node-charlie\",\"timestamp\":\"2025-11-18T13:45:53.168Z\",\"id\":1763473553168}","timestamp":"2025-11-18T13:45:53.168Z"}
{"level":"warn","message":"Synthetic alert emitted: {\"type\":\"TEMPERATURE_ANOMALY\",\"message\":\"Temperature moving outside comfort band\",\"level\":\"warning\",\"deviceId\":\"edge-node-bravo\",\"timestamp\":\"2025-11-18T13:46:01.173Z\",\"id\":1763473561173}","timestamp":"2025-11-18T13:46:01.173Z"}
{"level":"warn","message":"Synthetic alert emitted: {\"type\":\"HUMIDITY_HIGH\",\"message\":\"Humidity spike detected\",\"level\":\"info\",\"deviceId\":\"edge-node-alpha\",\"timestamp\":\"2025-11-18T13:46:09.183Z\",\"id\":1763473569183}","timestamp":"2025-11-18T13:46:09.183Z"}
{"level":"warn","message":"Synthetic alert emitted: {\"type\":\"TEMPERATURE_ANOMALY\",\"message\":\"Temperature moving outside comfort band\",\"level\":\"warning\",\"deviceId\":\"edge-node-bravo\",\"timestamp\":\"2025-11-18T13:46:09.184Z\",\"id\":1763473569184}","timestamp":"2025-11-18T13:46:09.184Z"}
{"level":"warn","message":"Synthetic alert emitted: {\"type\":\"HUMIDITY_HIGH\",\"message\":\"Humidity spike detected\",\"level\":\"info\",\"deviceId\":\"edge-node-delta\",\"timestamp\":\"2025-11-18T13:46:09.184Z\",\"id\":1763473569184}","timestamp":"2025-11-18T13:46:09.184Z"}
{"level":"warn","message":"Synthetic alert emitted: {\"type\":\"BATTERY_LOW\",\"message\":\"Battery trending low, schedule maintenance\",\"level\":\"danger\",\"deviceId\":\"edge-node-bravo\",\"timestamp\":\"2025-11-18T13:46:17.190Z\",\"id\":1763473577190}","timestamp":"2025-11-18T13:46:17.190Z"}
{"level":"warn","message":"Synthetic alert emitted: {\"type\":\"HUMIDITY_HIGH\",\"message\":\"Humidity spike detected\",\"level\":\"info\",\"deviceId\":\"edge-node-delta\",\"timestamp\":\"2025-11-18T13:46:17.191Z\",\"id\":1763473577191}","timestamp":"2025-11-18T13:46:17.191Z"}
{"level":"warn","message":"Synthetic alert emitted: {\"type\":\"TEMPERATURE_ANOMALY\",\"message\":\"Temperature moving outside comfort band\",\"level\":\"warning\",\"deviceId\":\"edge-node-bravo\",\"timestamp\":\"2025-11-18T13:46:25.200Z\",\"id\":1763473585200}","timestamp":"2025-11-18T13:46:25.200Z"}
{"level":"warn","message":"Synthetic alert emitted: {\"type\":\"BATTERY_LOW\",\"message\":\"Battery trending low, schedule maintenance\",\"level\":\"danger\",\"deviceId\":\"edge-node-delta\",\"timestamp\":\"2025-11-18T13:46:25.205Z\",\"id\":1763473585205}","timestamp":"2025-11-18T13:46:25.205Z"}
{"level":"warn","message":"Synthetic alert emitted: {\"type\":\"BATTERY_LOW\",\"message\":\"Battery trending low, schedule maintenance\",\"level\":\"danger\",\"deviceId\":\"edge-node-delta\",\"timestamp\":\"2025-11-18T13:46:33.206Z\",\"id\":1763473593206}","timestamp":"2025-11-18T13:46:33.206Z"}
{"level":"warn","message":"Synthetic alert emitted: {\"type\":\"TEMPERATURE_ANOMALY\",\"message\":\"Temperature moving outside comfort band\",\"level\":\"warning\",\"deviceId\":\"edge-node-alpha\",\"timestamp\":\"2025-11-18T13:46:41.207Z\",\"id\":1763473601207}","timestamp":"2025-11-18T13:46:41.207Z"}
{"level":"warn","message":"Synthetic alert emitted: {\"type\":\"BATTERY_LOW\",\"message\":\"Battery trending low, schedule maintenance\",\"level\":\"danger\",\"deviceId\":\"edge-node-charlie\",\"timestamp\":\"2025-11-18T13:46:57.233Z\",\"id\":1763473617233}","timestamp":"2025-11-18T13:46:57.233Z"}
{"level":"warn","message":"Synthetic alert emitted: {\"type\":\"BATTERY_LOW\",\"message\":\"Battery trending low, schedule maintenance\",\"level\":\"danger\",\"deviceId\":\"edge-node-bravo\",\"timestamp\":\"2025-11-18T13:47:05.239Z\",\"id\":1763473625239}","timestamp":"2025-11-18T13:47:05.239Z"}
{"level":"warn","message":"Synthetic alert emitted: {\"type\":\"BATTERY_LOW\",\"message\":\"Battery trending low, schedule maintenance\",\"level\":\"danger\",\"deviceId\":\"edge-node-alpha\",\"timestamp\":\"2025-11-18T13:47:13.247Z\",\"id\":1763473633247}","timestamp":"2025-11-18T13:47:13.247Z"}
{"level":"warn","message":"Synthetic alert emitted: {\"type\":\"TEMPERATURE_ANOMALY\",\"message\":\"Temperature moving outside comfort band\",\"level\":\"warning\",\"deviceId\":\"edge-node-bravo\",\"timestamp\":\"2025-11-18T13:47:13.249Z\",\"id\":1763473633249}","timestamp":"2025-11-18T13:47:13.249Z"}
{"level":"warn","message":"Synthetic alert emitted: {\"type\":\"TEMPERATURE_ANOMALY\",\"message\":\"Temperature moving outside comfort band\",\"level\":\"warning\",\"deviceId\":\"edge-node-charlie\",\"timestamp\":\"2025-11-18T13:47:13.250Z\",\"id\":1763473633250}","timestamp":"2025-11-18T13:47:13.250Z"}
{"level":"warn","message":"Synthetic alert emitted: {\"type\":\"TEMPERATURE_ANOMALY\",\"message\":\"Temperature moving outside comfort band\",\"level\":\"warning\",\"deviceId\":\"edge-node-bravo\",\"timestamp\":\"2025-11-18T13:47:21.256Z\",\"id\":1763473641256}","timestamp":"2025-11-18T13:47:21.256Z"}
{"level":"warn","message":"Synthetic alert emitted: {\"type\":\"HUMIDITY_HIGH\",\"message\":\"Humidity spike detected\",\"level\":\"info\",\"deviceId\":\"edge-node-bravo\",\"timestamp\":\"2025-11-18T13:47:45.275Z\",\"id\":1763473665275}","timestamp":"2025-11-18T13:47:45.275Z"}
{"level":"warn","message":"Synthetic alert emitted: {\"type\":\"TEMPERATURE_ANOMALY\",\"message\":\"Temperature moving outside comfort band\",\"level\":\"warning\",\"deviceId\":\"edge-node-delta\",\"timestamp\":\"2025-11-18T13:48:01.290Z\",\"id\":1763473681290}","timestamp":"2025-11-18T13:48:01.290Z"}
{"level":"warn","message":"Synthetic alert emitted: {\"type\":\"BATTERY_LOW\",\"message\":\"Battery trending low, schedule maintenance\",\"level\":\"danger\",\"deviceId\":\"edge-node-bravo\",\"timestamp\":\"2025-11-18T13:48:09.296Z\",\"id\":1763473689296}","timestamp":"2025-11-18T13:48:09.296Z"}
{"level":"warn","message":"Synthetic alert emitted: {\"type\":\"HUMIDITY_HIGH\",\"message\":\"Humidity spike detected\",\"level\":\"info\",\"deviceId\":\"edge-node-charlie\",\"timestamp\":\"2025-11-18T13:48:25.308Z\",\"id\":1763473705308}","timestamp":"2025-11-18T13:48:25.308Z"}
{"level":"warn","message":"Synthetic alert emitted: {\"type\":\"HUMIDITY_HIGH\",\"message\":\"Humidity spike detected\",\"level\":\"info\",\"deviceId\":\"edge-node-delta\",\"timestamp\":\"2025-11-18T13:48:25.308Z\",\"id\":1763473705308}","timestamp":"2025-11-18T13:48:25.308Z"}
{"level":"warn","message":"Synthetic alert emitted: {\"type\":\"TEMPERATURE_ANOMALY\",\"message\":\"Temperature moving outside comfort band\",\"level\":\"warning\",\"deviceId\":\"edge-node-alpha\",\"timestamp\":\"2025-11-18T13:48:33.308Z\",\"id\":1763473713308}","timestamp":"2025-11-18T13:48:33.308Z"}
{"level":"warn","message":"Synthetic alert emitted: {\"type\":\"TEMPERATURE_ANOMALY\",\"message\":\"Temperature moving outside comfort band\",\"level\":\"warning\",\"deviceId\":\"edge-node-charlie\",\"timestamp\":\"2025-11-18T13:48:33.309Z\",\"id\":1763473713309}","timestamp":"2025-11-18T13:48:33.309Z"}
{"level":"warn","message":"Synthetic alert emitted: {\"type\":\"HUMIDITY_HIGH\",\"message\":\"Humidity spike detected\",\"level\":\"info\",\"deviceId\":\"edge-node-alpha\",\"timestamp\":\"2025-11-18T13:48:41.315Z\",\"id\":1763473721315}","timestamp":"2025-11-18T13:48:41.315Z"}
{"level":"warn","message":"Synthetic alert emitted: {\"type\":\"TEMPERATURE_ANOMALY\",\"message\":\"Temperature moving outside comfort band\",\"level\":\"warning\",\"deviceId\":\"edge-node-bravo\",\"timestamp\":\"2025-11-18T13:48:41.316Z\",\"id\":1763473721316}","timestamp":"2025-11-18T13:48:41.316Z"}
{"level":"warn","message":"Synthetic alert emitted: {\"type\":\"TEMPERATURE_ANOMALY\",\"message\":\"Temperature moving outside comfort band\",\"level\":\"warning\",\"deviceId\":\"edge-node-delta\",\"timestamp\":\"2025-11-18T13:48:57.338Z\",\"id\":1763473737338}","timestamp":"2025-11-18T13:48:57.338Z"}
{"level":"warn","message":"Synthetic alert emitted: {\"type\":\"HUMIDITY_HIGH\",\"message\":\"Humidity spike detected\",\"level\":\"info\",\"deviceId\":\"edge-node-alpha\",\"timestamp\":\"2025-11-18T13:49:13.359Z\",\"id\":1763473753359}","timestamp":"2025-11-18T13:49:13.359Z"}
{"level":"warn","message":"Synthetic alert emitted: {\"type\":\"HUMIDITY_HIGH\",\"message\":\"Humidity spike detected\",\"level\":\"info\",\"deviceId\":\"edge-node-bravo\",\"timestamp\":\"2025-11-18T13:49:21.363Z\",\"id\":1763473761363}","timestamp":"2025-11-18T13:49:21.363Z"}
{"level":"warn","message":"Synthetic alert emitted: {\"type\":\"HUMIDITY_HIGH\",\"message\":\"Humidity spike detected\",\"level\":\"info\",\"deviceId\":\"edge-node-bravo\",\"timestamp\":\"2025-11-18T13:49:29.365Z\",\"id\":1763473769365}","timestamp":"2025-11-18T13:49:29.365Z"}
{"level":"warn","message":"Synthetic alert emitted: {\"type\":\"TEMPERATURE_ANOMALY\",\"message\":\"Temperature moving outside comfort band\",\"level\":\"warning\",\"deviceId\":\"edge-node-charlie\",\"timestamp\":\"2025-11-18T13:49:29.366Z\",\"id\":1763473769366}","timestamp":"2025-11-18T13:49:29.366Z"}
{"level":"warn","message":"Synthetic alert emitted: {\"type\":\"HUMIDITY_HIGH\",\"message\":\"Humidity spike detected\",\"level\":\"info\",\"deviceId\":\"edge-node-alpha\",\"timestamp\":\"2025-11-18T13:49:37.370Z\",\"id\":1763473777370}","timestamp":"2025-11-18T13:49:37.370Z"}
{"level":"warn","message":"Synthetic alert emitted: {\"type\":\"TEMPERATURE_ANOMALY\",\"message\":\"Temperature moving outside comfort band\",\"level\":\"warning\",\"deviceId\":\"edge-node-alpha\",\"timestamp\":\"2025-11-18T13:50:01.383Z\",\"id\":1763473801383}","timestamp":"2025-11-18T13:50:01.384Z"}
{"level":"warn","message":"Synthetic alert emitted: {\"type\":\"BATTERY_LOW\",\"message\":\"Battery trending low, schedule maintenance\",\"level\":\"danger\",\"deviceId\":\"edge-node-bravo\",\"timestamp\":\"2025-11-18T13:50:01.385Z\",\"id\":1763473801385}","timestamp":"2025-11-18T13:50:01.385Z"}
{"level":"warn","message":"Synthetic alert emitted: {\"type\":\"TEMPERATURE_ANOMALY\",\"message\":\"Temperature moving outside comfort band\",\"level\":\"warning\",\"deviceId\":\"edge-node-bravo\",\"timestamp\":\"2025-11-18T13:50:09.393Z\",\"id\":1763473809393}","timestamp":"2025-11-18T13:50:09.393Z"}
{"level":"warn","message":"Synthetic alert emitted: {\"type\":\"TEMPERATURE_ANOMALY\",\"message\":\"Temperature moving outside comfort band\",\"level\":\"warning\",\"deviceId\":\"edge-node-charlie\",\"timestamp\":\"2025-11-18T13:50:09.393Z\",\"id\":1763473809393}","timestamp":"2025-11-18T13:50:09.393Z"}
{"level":"warn","message":"Synthetic alert emitted: {\"type\":\"HUMIDITY_HIGH\",\"message\":\"Humidity spike detected\",\"level\":\"info\",\"deviceId\":\"edge-node-charlie\",\"timestamp\":\"2025-11-18T13:50:17.401Z\",\"id\":1763473817401}","timestamp":"2025-11-18T13:50:17.401Z"}
{"level":"warn","message":"Synthetic alert emitted: {\"type\":\"TEMPERATURE_ANOMALY\",\"message\":\"Temperature moving outside comfort band\",\"level\":\"warning\",\"deviceId\":\"edge-node-alpha\",\"timestamp\":\"2025-11-18T13:50:33.418Z\",\"id\":1763473833418}","timestamp":"2025-11-18T13:50:33.418Z"}
{"level":"warn","message":"Synthetic alert emitted: {\"type\":\"TEMPERATURE_ANOMALY\",\"message\":\"Temperature moving outside comfort band\",\"level\":\"warning\",\"deviceId\":\"edge-node-delta\",\"timestamp\":\"2025-11-18T13:50:41.420Z\",\"id\":1763473841420}","timestamp":"2025-11-18T13:50:41.420Z"}
{"level":"warn","message":"Synthetic alert emitted: {\"type\":\"TEMPERATURE_ANOMALY\",\"message\":\"Temperature moving outside comfort band\",\"level\":\"warning\",\"deviceId\":\"edge-node-alpha\",\"timestamp\":\"2025-11-18T13:50:49.431Z\",\"id\":1763473849431}","timestamp":"2025-11-18T13:50:49.431Z"}
{"level":"warn","message":"Synthetic alert emitted: {\"type\":\"TEMPERATURE_ANOMALY\",\"message\":\"Temperature moving outside comfort band\",\"level\":\"warning\",\"deviceId\":\"edge-node-bravo\",\"timestamp\":\"2025-11-18T13:50:49.432Z\",\"id\":1763473849432}","timestamp":"2025-11-18T13:50:49.432Z"}
{"level":"warn","message":"Synthetic alert emitted: {\"type\":\"BATTERY_LOW\",\"message\":\"Battery trending low, schedule maintenance\",\"level\":\"danger\",\"deviceId\":\"edge-node-charlie\",\"timestamp\":\"2025-11-18T13:50:57.442Z\",\"id\":1763473857442}","timestamp":"2025-11-18T13:50:57.442Z"}
{"level":"warn","message":"Synthetic alert emitted: {\"type\":\"TEMPERATURE_ANOMALY\",\"message\":\"Temperature moving outside comfort band\",\"level\":\"warning\",\"deviceId\":\"edge-node-alpha\",\"timestamp\":\"2025-11-18T13:51:05.456Z\",\"id\":1763473865456}","timestamp":"2025-11-18T13:51:05.456Z"}
{"level":"warn","message":"Synthetic alert emitted: {\"type\":\"BATTERY_LOW\",\"message\":\"Battery trending low, schedule maintenance\",\"level\":\"danger\",\"deviceId\":\"edge-node-delta\",\"timestamp\":\"2025-11-18T13:51:05.459Z\",\"id\":1763473865459}","timestamp":"2025-11-18T13:51:05.459Z"}
{"level":"warn","message":"Synthetic alert emitted: {\"type\":\"TEMPERATURE_ANOMALY\",\"message\":\"Temperature moving outside comfort band\",\"level\":\"warning\",\"deviceId\":\"edge-node-charlie\",\"timestamp\":\"2025-11-18T13:51:13.469Z\",\"id\":1763473873469}","timestamp":"2025-11-18T13:51:13.470Z"}
{"level":"warn","message":"Synthetic alert emitted: {\"type\":\"TEMPERATURE_ANOMALY\",\"message\":\"Temperature moving outside comfort band\",\"level\":\"warning\",\"deviceId\":\"edge-node-alpha\",\"timestamp\":\"2025-11-18T13:51:21.469Z\",\"id\":1763473881469}","timestamp":"2025-11-18T13:51:21.469Z"}
{"level":"warn","message":"Synthetic alert emitted: {\"type\":\"HUMIDITY_HIGH\",\"message\":\"Humidity spike detected\",\"level\":\"info\",\"deviceId\":\"edge-node-delta\",\"timestamp\":\"2025-11-18T13:51:21.470Z\",\"id\":1763473881470}","timestamp":"2025-11-18T13:51:21.470Z"}
{"level":"info","message":"Cloud server running on http://0.0.0.0:3000","timestamp":"2025-11-18T13:54:23.767Z"}
{"level":"warn","message":"Synthetic alert emitted: {\"type\":\"TEMPERATURE_ANOMALY\",\"message\":\"Temperature moving outside comfort band\",\"level\":\"warning\",\"deviceId\":\"edge-node-bravo\",\"timestamp\":\"2025-11-18T13:54:31.775Z\",\"id\":1763474071775}","timestamp":"2025-11-18T13:54:31.781Z"}
{"level":"warn","message":"Synthetic alert emitted: {\"type\":\"BATTERY_LOW\",\"message\":\"Battery trending low, schedule maintenance\",\"level\":\"danger\",\"deviceId\":\"edge-node-delta\",\"timestamp\":\"2025-11-18T13:54:31.775Z\",\"id\":1763474071775}","timestamp":"2025-11-18T13:54:31.783Z"}
{"level":"info","message":"New client connected","timestamp":"2025-11-18T13:54:33.152Z"}
{"level":"warn","message":"New alert: {\"deviceId\":\"mock-device-001\",\"timestamp\":\"2025-11-18T13:54:33.164Z\",\"type\":\"vibration\",\"message\":\"High vibration detected\",\"value\":0.23403131332253319,\"threshold\":0.4,\"severity\":\"warning\",\"id\":1763474073168}","timestamp":"2025-11-18T13:54:33.168Z"}
{"level":"warn","message":"Synthetic alert emitted: {\"type\":\"BATTERY_LOW\",\"message\":\"Battery trending low, schedule maintenance\",\"level\":\"danger\",\"deviceId\":\"edge-node-alpha\",\"timestamp\":\"2025-11-18T13:54:39.785Z\",\"id\":1763474079785}","timestamp":"2025-11-18T13:54:39.787Z"}
{"level":"warn","message":"Synthetic alert emitted: {\"type\":\"HUMIDITY_HIGH\",\"message\":\"Humidity spike detected\",\"level\":\"info\",\"deviceId\":\"edge-node-delta\",\"timestamp\":\"2025-11-18T13:54:39.785Z\",\"id\":1763474079785}","timestamp":"2025-11-18T13:54:39.788Z"}
{"level":"warn","message":"Synthetic alert emitted: {\"type\":\"TEMPERATURE_ANOMALY\",\"message\":\"Temperature moving outside comfort band\",\"level\":\"warning\",\"deviceId\":\"edge-node-charlie\",\"timestamp\":\"2025-11-18T13:54:47.787Z\",\"id\":1763474087787}","timestamp":"2025-11-18T13:54:47.789Z"}
{"level":"warn","message":"New alert: {\"deviceId\":\"mock-device-001\",\"timestamp\":\"2025-11-18T13:54:58.290Z\",\"type\":\"high_humidity\",\"message\":\"High humidity detected\",\"value\":69.93,\"threshold\":80,\"severity\":\"warning\",\"id\":1763474098295}","timestamp":"2025-11-18T13:54:58.296Z"}
{"level":"warn","message":"Synthetic alert emitted: {\"type\":\"BATTERY_LOW\",\"message\":\"Battery trending low, schedule maintenance\",\"level\":\"danger\",\"deviceId\":\"edge-node-alpha\",\"timestamp\":\"2025-11-18T13:55:11.804Z\",\"id\":1763474111804}","timestamp":"2025-11-18T13:55:11.806Z"}
{"level":"warn","message":"Synthetic alert emitted: {\"type\":\"BATTERY_LOW\",\"message\":\"Battery trending low, schedule maintenance\",\"level\":\"danger\",\"deviceId\":\"edge-node-charlie\",\"timestamp\":\"2025-11-18T13:55:11.804Z\",\"id\":1763474111805}","timestamp":"2025-11-18T13:55:11.807Z"}
{"level":"warn","message":"Synthetic alert emitted: {\"type\":\"BATTERY_LOW\",\"message\":\"Battery trending low, schedule maintenance\",\"level\":\"danger\",\"deviceId\":\"edge-node-alpha\",\"timestamp\":\"2025-11-18T13:55:43.822Z\",\"id\":1763474143822}","timestamp":"2025-11-18T13:55:43.823Z"}
{"level":"warn","message":"Synthetic alert emitted: {\"type\":\"HUMIDITY_HIGH\",\"message\":\"Humidity spike detected\",\"level\":\"info\",\"deviceId\":\"edge-node-charlie\",\"timestamp\":\"2025-11-18T13:55:43.822Z\",\"id\":1763474143822}","timestamp":"2025-11-18T13:55:43.841Z"}
{"level":"warn","message":"Synthetic alert emitted: {\"type\":\"BATTERY_LOW\",\"message\":\"Battery trending low, schedule maintenance\",\"level\":\"danger\",\"deviceId\":\"edge-node-delta\",\"timestamp\":\"2025-11-18T13:55:51.822Z\",\"id\":1763474151822}","timestamp":"2025-11-18T13:55:51.823Z"}
{"level":"warn","message":"Synthetic alert emitted: {\"type\":\"BATTERY_LOW\",\"message\":\"Battery trending low, schedule maintenance\",\"level\":\"danger\",\"deviceId\":\"mock-device-001\",\"timestamp\":\"2025-11-18T13:55:51.822Z\",\"id\":1763474151822}","timestamp":"2025-11-18T13:55:51.824Z"}
{"level":"warn","message":"New alert: {\"deviceId\":\"mock-device-001\",\"timestamp\":\"2025-11-18T13:55:58.394Z\",\"type\":\"vibration\",\"message\":\"High vibration detected\",\"value\":0.2594219757527523,\"threshold\":0.4,\"severity\":\"warning\",\"id\":1763474158398}","timestamp":"2025-11-18T13:55:58.399Z"}
{"level":"warn","message":"Synthetic alert emitted: {\"type\":\"BATTERY_LOW\",\"message\":\"Battery trending low, schedule maintenance\",\"level\":\"danger\",\"deviceId\":\"edge-node-alpha\",\"timestamp\":\"2025-11-18T13:55:59.830Z\",\"id\":1763474159830}","timestamp":"2025-11-18T13:55:59.831Z"}
{"level":"warn","message":"Synthetic alert emitted: {\"type\":\"HUMIDITY_HIGH\",\"message\":\"Humidity spike detected\",\"level\":\"info\",\"deviceId\":\"mock-device-001\",\"timestamp\":\"2025-11-18T13:56:07.831Z\",\"id\":1763474167831}","timestamp":"2025-11-18T13:56:07.832Z"}
{"level":"warn","message":"Synthetic alert emitted: {\"type\":\"HUMIDITY_HIGH\",\"message\":\"Humidity spike detected\",\"level\":\"info\",\"deviceId\":\"edge-node-charlie\",\"timestamp\":\"2025-11-18T13:56:15.833Z\",\"id\":1763474175833}","timestamp":"2025-11-18T13:56:15.833Z"}
{"level":"warn","message":"Synthetic alert emitted: {\"type\":\"BATTERY_LOW\",\"message\":\"Battery trending low, schedule maintenance\",\"level\":\"danger\",\"deviceId\":\"edge-node-delta\",\"timestamp\":\"2025-11-18T13:56:15.833Z\",\"id\":1763474175833}","timestamp":"2025-11-18T13:56:15.834Z"}
{"level":"warn","message":"Synthetic alert emitted: {\"type\":\"TEMPERATURE_ANOMALY\",\"message\":\"Temperature moving outside comfort band\",\"level\":\"warning\",\"deviceId\":\"mock-device-001\",\"timestamp\":\"2025-11-18T13:56:15.833Z\",\"id\":1763474175833}","timestamp":"2025-11-18T13:56:15.834Z"}
{"level":"warn","message":"Synthetic alert emitted: {\"type\":\"BATTERY_LOW\",\"message\":\"Battery trending low, schedule maintenance\",\"level\":\"danger\",\"deviceId\":\"edge-node-bravo\",\"timestamp\":\"2025-11-18T13:56:23.839Z\",\"id\":1763474183839}","timestamp":"2025-11-18T13:56:23.840Z"}
{"level":"warn","message":"Synthetic alert emitted: {\"type\":\"TEMPERATURE_ANOMALY\",\"message\":\"Temperature moving outside comfort band\",\"level\":\"warning\",\"deviceId\":\"edge-node-charlie\",\"timestamp\":\"2025-11-18T13:56:23.839Z\",\"id\":1763474183839}","timestamp":"2025-11-18T13:56:23.843Z"}
{"level":"warn","message":"Synthetic alert emitted: {\"type\":\"HUMIDITY_HIGH\",\"message\":\"Humidity spike detected\",\"level\":\"info\",\"deviceId\":\"edge-node-alpha\",\"timestamp\":\"2025-11-18T13:56:31.849Z\",\"id\":1763474191849}","timestamp":"2025-11-18T13:56:31.850Z"}
{"level":"warn","message":"New alert: {\"deviceId\":\"mock-device-001\",\"timestamp\":\"2025-11-18T13:56:38.456Z\",\"type\":\"vibration\",\"message\":\"High vibration detected\",\"value\":0.29765866976894106,\"threshold\":0.4,\"severity\":\"warning\",\"id\":1763474198457}","timestamp":"2025-11-18T13:56:38.458Z"}
{"level":"warn","message":"Synthetic alert emitted: {\"type\":\"BATTERY_LOW\",\"message\":\"Battery trending low, schedule maintenance\",\"level\":\"danger\",\"deviceId\":\"edge-node-bravo\",\"timestamp\":\"2025-11-18T13:57:11.903Z\",\"id\":1763474231903}","timestamp":"2025-11-18T13:57:11.903Z"}
{"level":"warn","message":"Synthetic alert emitted: {\"type\":\"TEMPERATURE_ANOMALY\",\"message\":\"Temperature moving outside comfort band\",\"level\":\"warning\",\"deviceId\":\"edge-node-delta\",\"timestamp\":\"2025-11-18T13:57:19.909Z\",\"id\":1763474239909}","timestamp":"2025-11-18T13:57:19.909Z"}
{"level":"warn","message":"Synthetic alert emitted: {\"type\":\"HUMIDITY_HIGH\",\"message\":\"Humidity spike detected\",\"level\":\"info\",\"deviceId\":\"mock-device-001\",\"timestamp\":\"2025-11-18T13:57:27.927Z\",\"id\":1763474247927}","timestamp":"2025-11-18T13:57:27.928Z"}
{"level":"warn","message":"Synthetic alert emitted: {\"type\":\"HUMIDITY_HIGH\",\"message\":\"Humidity spike detected\",\"level\":\"info\",\"deviceId\":\"edge-node-charlie\",\"timestamp\":\"2025-11-18T13:57:43.946Z\",\"id\":1763474263946}","timestamp":"2025-11-18T13:57:43.947Z"}
{"level":"warn","message":"Synthetic alert emitted: {\"type\":\"HUMIDITY_HIGH\",\"message\":\"Humidity spike detected\",\"level\":\"info\",\"deviceId\":\"edge-node-delta\",\"timestamp\":\"2025-11-18T13:57:43.946Z\",\"id\":1763474263946}","timestamp":"2025-11-18T13:57:43.948Z"}
{"level":"warn","message":"Synthetic alert emitted: {\"type\":\"HUMIDITY_HIGH\",\"message\":\"Humidity spike detected\",\"level\":\"info\",\"deviceId\":\"edge-node-bravo\",\"timestamp\":\"2025-11-18T13:57:59.965Z\",\"id\":1763474279965}","timestamp":"2025-11-18T13:57:59.966Z"}
{"level":"warn","message":"Synthetic alert emitted: {\"type\":\"HUMIDITY_HIGH\",\"message\":\"Humidity spike detected\",\"level\":\"info\",\"deviceId\":\"edge-node-delta\",\"timestamp\":\"2025-11-18T13:57:59.965Z\",\"id\":1763474279965}","timestamp":"2025-11-18T13:57:59.966Z"}
{"level":"warn","message":"Synthetic alert emitted: {\"type\":\"TEMPERATURE_ANOMALY\",\"message\":\"Temperature moving outside comfort band\",\"level\":\"warning\",\"deviceId\":\"edge-node-alpha\",\"timestamp\":\"2025-11-18T13:58:15.980Z\",\"id\":1763474295980}","timestamp":"2025-11-18T13:58:15.981Z"}
{"level":"warn","message":"Synthetic alert emitted: {\"type\":\"BATTERY_LOW\",\"message\":\"Battery trending low, schedule maintenance\",\"level\":\"danger\",\"deviceId\":\"edge-node-bravo\",\"timestamp\":\"2025-11-18T13:58:15.980Z\",\"id\":1763474295980}","timestamp":"2025-11-18T13:58:15.982Z"}
{"level":"warn","message":"New alert: {\"deviceId\":\"mock-device-001\",\"timestamp\":\"2025-11-18T13:58:23.610Z\",\"type\":\"high_humidity\",\"message\":\"High humidity detected\",\"value\":73.42,\"threshold\":80,\"severity\":\"warning\",\"id\":1763474303611}","timestamp":"2025-11-18T13:58:23.611Z"}
{"level":"warn","message":"Synthetic alert emitted: {\"type\":\"TEMPERATURE_ANOMALY\",\"message\":\"Temperature moving outside comfort band\",\"level\":\"warning\",\"deviceId\":\"edge-node-alpha\",\"timestamp\":\"2025-11-18T13:58:31.987Z\",\"id\":1763474311987}","timestamp":"2025-11-18T13:58:31.988Z"}
{"level":"warn","message":"Synthetic alert emitted: {\"type\":\"HUMIDITY_HIGH\",\"message\":\"Humidity spike detected\",\"level\":\"info\",\"deviceId\":\"edge-node-bravo\",\"timestamp\":\"2025-11-18T13:58:31.987Z\",\"id\":1763474311987}","timestamp":"2025-11-18T13:58:31.988Z"}
{"level":"warn","message":"Synthetic alert emitted: {\"type\":\"HUMIDITY_HIGH\",\"message\":\"Humidity spike detected\",\"level\":\"info\",\"deviceId\":\"mock-device-001\",\"timestamp\":\"2025-11-18T13:58:48.010Z\",\"id\":1763474328010}","timestamp":"2025-11-18T13:58:48.011Z"}
{"level":"warn","message":"New alert: {\"deviceId\":\"mock-device-001\",\"timestamp\":\"2025-11-18T13:58:48.646Z\",\"type\":\"low_humidity\",\"message\":\"Low humidity detected\",\"value\":72.25,\"threshold\":30,\"severity\":\"warning\",\"id\":1763474328648}","timestamp":"2025-11-18T13:58:48.648Z"}
{"level":"warn","message":"Synthetic alert emitted: {\"type\":\"TEMPERATURE_ANOMALY\",\"message\":\"Temperature moving outside comfort band\",\"level\":\"warning\",\"deviceId\":\"edge-node-bravo\",\"timestamp\":\"2025-11-18T13:58:56.017Z\",\"id\":1763474336017}","timestamp":"2025-11-18T13:58:56.018Z"}
{"level":"warn","message":"Synthetic alert emitted: {\"type\":\"TEMPERATURE_ANOMALY\",\"message\":\"Temperature moving outside comfort band\",\"level\":\"warning\",\"deviceId\":\"edge-node-charlie\",\"timestamp\":\"2025-11-18T13:58:56.017Z\",\"id\":1763474336017}","timestamp":"2025-11-18T13:58:56.020Z"}
{"level":"warn","message":"Synthetic alert emitted: {\"type\":\"BATTERY_LOW\",\"message\":\"Battery trending low, schedule maintenance\",\"level\":\"danger\",\"deviceId\":\"edge-node-bravo\",\"timestamp\":\"2025-11-18T13:59:04.037Z\",\"id\":1763474344037}","timestamp":"2025-11-18T13:59:04.038Z"}
{"level":"warn","message":"Synthetic alert emitted: {\"type\":\"HUMIDITY_HIGH\",\"message\":\"Humidity spike detected\",\"level\":\"info\",\"deviceId\":\"edge-node-delta\",\"timestamp\":\"2025-11-18T13:59:04.037Z\",\"id\":1763474344037}","timestamp":"2025-11-18T13:59:04.098Z"}
{"level":"warn","message":"Synthetic alert emitted: {\"type\":\"HUMIDITY_HIGH\",\"message\":\"Humidity spike detected\",\"level\":\"info\",\"deviceId\":\"edge-node-delta\",\"timestamp\":\"2025-11-18T13:59:20.054Z\",\"id\":1763474360054}","timestamp":"2025-11-18T13:59:20.055Z"}
{"level":"warn","message":"Synthetic alert emitted: {\"type\":\"BATTERY_LOW\",\"message\":\"Battery trending low, schedule maintenance\",\"level\":\"danger\",\"deviceId\":\"mock-device-001\",\"timestamp\":\"2025-11-18T13:59:28.062Z\",\"id\":1763474368062}","timestamp":"2025-11-18T13:59:28.062Z"}
{"level":"warn","message":"Synthetic alert emitted: {\"type\":\"HUMIDITY_HIGH\",\"message\":\"Humidity spike detected\",\"level\":\"info\",\"deviceId\":\"mock-device-001\",\"timestamp\":\"2025-11-18T13:59:36.074Z\",\"id\":1763474376074}","timestamp":"2025-11-18T13:59:36.075Z"}
{"level":"warn","message":"New alert: {\"deviceId\":\"mock-device-001\",\"timestamp\":\"2025-11-18T13:59:43.730Z\",\"type\":\"vibration\",\"message\":\"High vibration detected\",\"value\":0.3052651717752639,\"threshold\":0.4,\"severity\":\"warning\",\"id\":1763474383732}","timestamp":"2025-11-18T13:59:43.732Z"}
{"level":"warn","message":"Synthetic alert emitted: {\"type\":\"TEMPERATURE_ANOMALY\",\"message\":\"Temperature moving outside comfort band\",\"level\":\"warning\",\"deviceId\":\"edge-node-bravo\",\"timestamp\":\"2025-11-18T13:59:44.087Z\",\"id\":1763474384087}","timestamp":"2025-11-18T13:59:44.088Z"}
{"level":"warn","message":"Synthetic alert emitted: {\"type\":\"BATTERY_LOW\",\"message\":\"Battery trending low, schedule maintenance\",\"level\":\"danger\",\"deviceId\":\"edge-node-bravo\",\"timestamp\":\"2025-11-18T13:59:52.098Z\",\"id\":1763474392098}","timestamp":"2025-11-18T13:59:52.099Z"}
{"level":"warn","message":"Synthetic alert emitted: {\"type\":\"TEMPERATURE_ANOMALY\",\"message\":\"Temperature moving outside comfort band\",\"level\":\"warning\",\"deviceId\":\"edge-node-charlie\",\"timestamp\":\"2025-11-18T13:59:52.098Z\",\"id\":1763474392098}","timestamp":"2025-11-18T13:59:52.101Z"}
{"level":"warn","message":"Synthetic alert emitted: {\"type\":\"HUMIDITY_HIGH\",\"message\":\"Humidity spike detected\",\"level\":\"info\",\"deviceId\":\"edge-node-alpha\",\"timestamp\":\"2025-11-18T14:00:00.103Z\",\"id\":1763474400103}","timestamp":"2025-11-18T14:00:00.103Z"}
{"level":"warn","message":"Synthetic alert emitted: {\"type\":\"BATTERY_LOW\",\"message\":\"Battery trending low, schedule maintenance\",\"level\":\"danger\",\"deviceId\":\"edge-node-charlie\",\"timestamp\":\"2025-11-18T14:00:00.103Z\",\"id\":1763474400103}","timestamp":"2025-11-18T14:00:00.104Z"}
{"level":"warn","message":"Synthetic alert emitted: {\"type\":\"TEMPERATURE_ANOMALY\",\"message\":\"Temperature moving outside comfort band\",\"level\":\"warning\",\"deviceId\":\"edge-node-alpha\",\"timestamp\":\"2025-11-18T14:00:08.117Z\",\"id\":1763474408117}","timestamp":"2025-11-18T14:00:08.118Z"}
{"level":"warn","message":"Synthetic alert emitted: {\"type\":\"HUMIDITY_HIGH\",\"message\":\"Humidity spike detected\",\"level\":\"info\",\"deviceId\":\"edge-node-charlie\",\"timestamp\":\"2025-11-18T14:00:08.117Z\",\"id\":1763474408117}","timestamp":"2025-11-18T14:00:08.122Z"}
{"level":"warn","message":"Synthetic alert emitted: {\"type\":\"TEMPERATURE_ANOMALY\",\"message\":\"Temperature moving outside comfort band\",\"level\":\"warning\",\"deviceId\":\"edge-node-bravo\",\"timestamp\":\"2025-11-18T14:00:16.125Z\",\"id\":1763474416125}","timestamp":"2025-11-18T14:00:16.126Z"}
{"level":"warn","message":"Synthetic alert emitted: {\"type\":\"HUMIDITY_HIGH\",\"message\":\"Humidity spike detected\",\"level\":\"info\",\"deviceId\":\"edge-node-charlie\",\"timestamp\":\"2025-11-18T14:00:24.125Z\",\"id\":1763474424125}","timestamp":"2025-11-18T14:00:24.126Z"}
{"level":"warn","message":"Synthetic alert emitted: {\"type\":\"HUMIDITY_HIGH\",\"message\":\"Humidity spike detected\",\"level\":\"info\",\"deviceId\":\"edge-node-delta\",\"timestamp\":\"2025-11-18T14:00:24.126Z\",\"id\":1763474424126}","timestamp":"2025-11-18T14:00:24.127Z"}
{"level":"warn","message":"New alert: {\"deviceId\":\"mock-device-001\",\"timestamp\":\"2025-11-18T14:00:28.808Z\",\"type\":\"vibration\",\"message\":\"High vibration detected\",\"value\":0.16695916195724805,\"threshold\":0.4,\"severity\":\"warning\",\"id\":1763474428810}","timestamp":"2025-11-18T14:00:28.810Z"}
{"level":"warn","message":"Synthetic alert emitted: {\"type\":\"HUMIDITY_HIGH\",\"message\":\"Humidity spike detected\",\"level\":\"info\",\"deviceId\":\"edge-node-bravo\",\"timestamp\":\"2025-11-18T14:00:32.130Z\",\"id\":1763474432130}","timestamp":"2025-11-18T14:00:32.131Z"}
{"level":"warn","message":"Synthetic alert emitted: {\"type\":\"HUMIDITY_HIGH\",\"message\":\"Humidity spike detected\",\"level\":\"info\",\"deviceId\":\"edge-node-delta\",\"timestamp\":\"2025-11-18T14:00:32.130Z\",\"id\":1763474432130}","timestamp":"2025-11-18T14:00:32.135Z"}
{"level":"warn","message":"Synthetic alert emitted: {\"type\":\"TEMPERATURE_ANOMALY\",\"message\":\"Temperature moving outside comfort band\",\"level\":\"warning\",\"deviceId\":\"edge-node-charlie\",\"timestamp\":\"2025-11-18T14:00:40.144Z\",\"id\":1763474440144}","timestamp":"2025-11-18T14:00:40.144Z"}
{"level":"warn","message":"Synthetic alert emitted: {\"type\":\"HUMIDITY_HIGH\",\"message\":\"Humidity spike detected\",\"level\":\"info\",\"deviceId\":\"edge-node-delta\",\"timestamp\":\"2025-11-18T14:00:40.144Z\",\"id\":1763474440144}","timestamp":"2025-11-18T14:00:40.145Z"}
{"level":"warn","message":"Synthetic alert emitted: {\"type\":\"TEMPERATURE_ANOMALY\",\"message\":\"Temperature moving outside comfort band\",\"level\":\"warning\",\"deviceId\":\"mock-device-001\",\"timestamp\":\"2025-11-18T14:00:48.144Z\",\"id\":1763474448144}","timestamp":"2025-11-18T14:00:48.145Z"}
{"level":"warn","message":"Synthetic alert emitted: {\"type\":\"TEMPERATURE_ANOMALY\",\"message\":\"Temperature moving outside comfort band\",\"level\":\"warning\",\"deviceId\":\"edge-node-charlie\",\"timestamp\":\"2025-11-18T14:00:56.145Z\",\"id\":1763474456145}","timestamp":"2025-11-18T14:00:56.146Z"}
{"level":"warn","message":"Synthetic alert emitted: {\"type\":\"TEMPERATURE_ANOMALY\",\"message\":\"Temperature moving outside comfort band\",\"level\":\"warning\",\"deviceId\":\"mock-device-001\",\"timestamp\":\"2025-11-18T14:01:04.155Z\",\"id\":1763474464155}","timestamp":"2025-11-18T14:01:04.155Z"}
{"level":"warn","message":"Synthetic alert emitted: {\"type\":\"BATTERY_LOW\",\"message\":\"Battery trending low, schedule maintenance\",\"level\":\"danger\",\"deviceId\":\"mock-device-001\",\"timestamp\":\"2025-11-18T14:01:20.164Z\",\"id\":1763474480164}","timestamp":"2025-11-18T14:01:20.164Z"}
{"level":"warn","message":"New alert: {\"deviceId\":\"mock-device-001\",\"timestamp\":\"2025-11-18T14:01:23.914Z\",\"type\":\"vibration\",\"message\":\"High vibration detected\",\"value\":0.26628828541975524,\"threshold\":0.4,\"severity\":\"warning\",\"id\":1763474483916}","timestamp":"2025-11-18T14:01:23.916Z"}
{"level":"warn","message":"Synthetic alert emitted: {\"type\":\"TEMPERATURE_ANOMALY\",\"message\":\"Temperature moving outside comfort band\",\"level\":\"warning\",\"deviceId\":\"mock-device-001\",\"timestamp\":\"2025-11-18T14:01:28.172Z\",\"id\":1763474488172}","timestamp":"2025-11-18T14:01:28.174Z"}
{"level":"warn","message":"Synthetic alert emitted: {\"type\":\"TEMPERATURE_ANOMALY\",\"message\":\"Temperature moving outside comfort band\",\"level\":\"warning\",\"deviceId\":\"edge-node-bravo\",\"timestamp\":\"2025-11-18T14:01:36.183Z\",\"id\":1763474496183}","timestamp":"2025-11-18T14:01:36.184Z"}
{"level":"warn","message":"Synthetic alert emitted: {\"type\":\"TEMPERATURE_ANOMALY\",\"message\":\"Temperature moving outside comfort band\",\"level\":\"warning\",\"deviceId\":\"edge-node-charlie\",\"timestamp\":\"2025-11-18T14:01:36.183Z\",\"id\":1763474496183}","timestamp":"2025-11-18T14:01:36.185Z"}
{"level":"warn","message":"Synthetic alert emitted: {\"type\":\"TEMPERATURE_ANOMALY\",\"message\":\"Temperature moving outside comfort band\",\"level\":\"warning\",\"deviceId\":\"edge-node-delta\",\"timestamp\":\"2025-11-18T14:01:36.183Z\",\"id\":1763474496183}","timestamp":"2025-11-18T14:01:36.185Z"}
{"level":"warn","message":"Synthetic alert emitted: {\"type\":\"HUMIDITY_HIGH\",\"message\":\"Humidity spike detected\",\"level\":\"info\",\"deviceId\":\"edge-node-alpha\",\"timestamp\":\"2025-11-18T14:01:44.197Z\",\"id\":1763474504197}","timestamp":"2025-11-18T14:01:44.199Z"}
{"level":"warn","message":"Synthetic alert emitted: {\"type\":\"HUMIDITY_HIGH\",\"message\":\"Humidity spike detected\",\"level\":\"info\",\"deviceId\":\"edge-node-bravo\",\"timestamp\":\"2025-11-18T14:01:44.197Z\",\"id\":1763474504197}","timestamp":"2025-11-18T14:01:44.203Z"}
{"level":"warn","message":"Synthetic alert emitted: {\"type\":\"TEMPERATURE_ANOMALY\",\"message\":\"Temperature moving outside comfort band\",\"level\":\"warning\",\"deviceId\":\"edge-node-charlie\",\"timestamp\":\"2025-11-18T14:01:44.197Z\",\"id\":1763474504197}","timestamp":"2025-11-18T14:01:44.205Z"}
{"level":"warn","message":"Synthetic alert emitted: {\"type\":\"BATTERY_LOW\",\"message\":\"Battery trending low, schedule maintenance\",\"level\":\"danger\",\"deviceId\":\"mock-device-001\",\"timestamp\":\"2025-11-18T14:01:44.197Z\",\"id\":1763474504197}","timestamp":"2025-11-18T14:01:44.213Z"}
{"level":"warn","message":"Synthetic alert emitted: {\"type\":\"HUMIDITY_HIGH\",\"message\":\"Humidity spike detected\",\"level\":\"info\",\"deviceId\":\"edge-node-alpha\",\"timestamp\":\"2025-11-18T14:01:52.207Z\",\"id\":1763474512207}","timestamp":"2025-11-18T14:01:52.207Z"}
{"level":"warn","message":"Synthetic alert emitted: {\"type\":\"HUMIDITY_HIGH\",\"message\":\"Humidity spike detected\",\"level\":\"info\",\"deviceId\":\"mock-device-001\",\"timestamp\":\"2025-11-18T14:01:52.207Z\",\"id\":1763474512207}","timestamp":"2025-11-18T14:01:52.208Z"}
{"level":"warn","message":"New alert: {\"deviceId\":\"mock-device-001\",\"timestamp\":\"2025-11-18T14:01:53.973Z\",\"type\":\"low_temp\",\"message\":\"Low temperature detected\",\"value\":0.22140805375264427,\"threshold\":20,\"severity\":\"warning\",\"id\":1763474513979}","timestamp":"2025-11-18T14:01:53.979Z"}
{"level":"warn","message":"Synthetic alert emitted: {\"type\":\"TEMPERATURE_ANOMALY\",\"message\":\"Temperature moving outside comfort band\",\"level\":\"warning\",\"deviceId\":\"edge-node-charlie\",\"timestamp\":\"2025-11-18T14:02:00.220Z\",\"id\":1763474520220}","timestamp":"2025-11-18T14:02:00.220Z"}
{"level":"warn","message":"Synthetic alert emitted: {\"type\":\"TEMPERATURE_ANOMALY\",\"message\":\"Temperature moving outside comfort band\",\"level\":\"warning\",\"deviceId\":\"edge-node-charlie\",\"timestamp\":\"2025-11-18T14:02:08.229Z\",\"id\":1763474528229}","timestamp":"2025-11-18T14:02:08.229Z"}
{"level":"warn","message":"Synthetic alert emitted: {\"type\":\"BATTERY_LOW\",\"message\":\"Battery trending low, schedule maintenance\",\"level\":\"danger\",\"deviceId\":\"mock-device-001\",\"timestamp\":\"2025-11-18T14:02:08.229Z\",\"id\":1763474528229}","timestamp":"2025-11-18T14:02:08.229Z"}
{"level":"warn","message":"New alert: {\"deviceId\":\"mock-device-001\",\"timestamp\":\"2025-11-18T14:02:08.977Z\",\"type\":\"low_humidity\",\"message\":\"Low humidity detected\",\"value\":74.82,\"threshold\":30,\"severity\":\"warning\",\"id\":1763474529004}","timestamp":"2025-11-18T14:02:09.005Z"}
{"level":"warn","message":"New alert: {\"deviceId\":\"mock-device-001\",\"timestamp\":\"2025-11-18T14:02:13.989Z\",\"type\":\"high_temp\",\"message\":\"High temperature detected\",\"value\":0.15313240175185863,\"threshold\":30,\"severity\":\"warning\",\"id\":1763474533990}","timestamp":"2025-11-18T14:02:13.990Z"}
{"level":"warn","message":"Synthetic alert emitted: {\"type\":\"HUMIDITY_HIGH\",\"message\":\"Humidity spike detected\",\"level\":\"info\",\"deviceId\":\"edge-node-delta\",\"timestamp\":\"2025-11-18T14:02:32.256Z\",\"id\":1763474552256}","timestamp":"2025-11-18T14:02:32.256Z"}
{"level":"warn","message":"Synthetic alert emitted: {\"type\":\"HUMIDITY_HIGH\",\"message\":\"Humidity spike detected\",\"level\":\"info\",\"deviceId\":\"mock-device-001\",\"timestamp\":\"2025-11-18T14:02:32.256Z\",\"id\":1763474552256}","timestamp":"2025-11-18T14:02:32.257Z"}
{"level":"warn","message":"Synthetic alert emitted: {\"type\":\"BATTERY_LOW\",\"message\":\"Battery trending low, schedule maintenance\",\"level\":\"danger\",\"deviceId\":\"edge-node-alpha\",\"timestamp\":\"2025-11-18T14:02:40.263Z\",\"id\":1763474560263}","timestamp":"2025-11-18T14:02:40.264Z"}
{"level":"warn","message":"Synthetic alert emitted: {\"type\":\"HUMIDITY_HIGH\",\"message\":\"Humidity spike detected\",\"level\":\"info\",\"deviceId\":\"mock-device-001\",\"timestamp\":\"2025-11-18T14:02:48.272Z\",\"id\":1763474568272}","timestamp":"2025-11-18T14:02:48.272Z"}
{"level":"warn","message":"Synthetic alert emitted: {\"type\":\"TEMPERATURE_ANOMALY\",\"message\":\"Temperature moving outside comfort band\",\"level\":\"warning\",\"deviceId\":\"edge-node-bravo\",\"timestamp\":\"2025-11-18T14:02:56.282Z\",\"id\":1763474576282}","timestamp":"2025-11-18T14:02:56.283Z"}
{"level":"warn","message":"Synthetic alert emitted: {\"type\":\"BATTERY_LOW\",\"message\":\"Battery trending low, schedule maintenance\",\"level\":\"danger\",\"deviceId\":\"edge-node-alpha\",\"timestamp\":\"2025-11-18T14:03:04.288Z\",\"id\":1763474584288}","timestamp":"2025-11-18T14:03:04.289Z"}
{"level":"warn","message":"Synthetic alert emitted: {\"type\":\"HUMIDITY_HIGH\",\"message\":\"Humidity spike detected\",\"level\":\"info\",\"deviceId\":\"edge-node-bravo\",\"timestamp\":\"2025-11-18T14:03:04.288Z\",\"id\":1763474584288}","timestamp":"2025-11-18T14:03:04.291Z"}
{"level":"warn","message":"Synthetic alert emitted: {\"type\":\"BATTERY_LOW\",\"message\":\"Battery trending low, schedule maintenance\",\"level\":\"danger\",\"deviceId\":\"edge-node-delta\",\"timestamp\":\"2025-11-18T14:03:04.288Z\",\"id\":1763474584288}","timestamp":"2025-11-18T14:03:04.292Z"}
{"level":"warn","message":"Synthetic alert emitted: {\"type\":\"TEMPERATURE_ANOMALY\",\"message\":\"Temperature moving outside comfort band\",\"level\":\"warning\",\"deviceId\":\"mock-device-001\",\"timestamp\":\"2025-11-18T14:03:04.288Z\",\"id\":1763474584288}","timestamp":"2025-11-18T14:03:04.292Z"}
{"level":"warn","message":"Synthetic alert emitted: {\"type\":\"HUMIDITY_HIGH\",\"message\":\"Humidity spike detected\",\"level\":\"info\",\"deviceId\":\"mock-device-001\",\"timestamp\":\"2025-11-18T14:03:12.294Z\",\"id\":1763474592294}","timestamp":"2025-11-18T14:03:12.294Z"}
{"level":"warn","message":"Synthetic alert emitted: {\"type\":\"TEMPERATURE_ANOMALY\",\"message\":\"Temperature moving outside comfort band\",\"level\":\"warning\",\"deviceId\":\"mock-device-001\",\"timestamp\":\"2025-11-18T14:03:20.300Z\",\"id\":1763474600300}","timestamp":"2025-11-18T14:03:20.300Z"}
{"level":"warn","message":"Synthetic alert emitted: {\"type\":\"TEMPERATURE_ANOMALY\",\"message\":\"Temperature moving outside comfort band\",\"level\":\"warning\",\"deviceId\":\"edge-node-charlie\",\"timestamp\":\"2025-11-18T14:03:28.299Z\",\"id\":1763474608299}","timestamp":"2025-11-18T14:03:28.300Z"}
{"level":"warn","message":"New alert: {\"deviceId\":\"mock-device-001\",\"timestamp\":\"2025-11-18T14:03:29.101Z\",\"type\":\"low_humidity\",\"message\":\"Low humidity detected\",\"value\":75.31,\"threshold\":30,\"severity\":\"warning\",\"id\":1763474609102}","timestamp":"2025-11-18T14:03:29.102Z"}
{"level":"warn","message":"Synthetic alert emitted: {\"type\":\"HUMIDITY_HIGH\",\"message\":\"Humidity spike detected\",\"level\":\"info\",\"deviceId\":\"edge-node-charlie\",\"timestamp\":\"2025-11-18T14:03:36.299Z\",\"id\":1763474616299}","timestamp":"2025-11-18T14:03:36.300Z"}
{"level":"warn","message":"Synthetic alert emitted: {\"type\":\"TEMPERATURE_ANOMALY\",\"message\":\"Temperature moving outside comfort band\",\"level\":\"warning\",\"deviceId\":\"edge-node-alpha\",\"timestamp\":\"2025-11-18T14:03:44.311Z\",\"id\":1763474624311}","timestamp":"2025-11-18T14:03:44.312Z"}
{"level":"warn","message":"Synthetic alert emitted: {\"type\":\"HUMIDITY_HIGH\",\"message\":\"Humidity spike detected\",\"level\":\"info\",\"deviceId\":\"edge-node-bravo\",\"timestamp\":\"2025-11-18T14:03:44.311Z\",\"id\":1763474624311}","timestamp":"2025-11-18T14:03:44.312Z"}
{"level":"warn","message":"Synthetic alert emitted: {\"type\":\"HUMIDITY_HIGH\",\"message\":\"Humidity spike detected\",\"level\":\"info\",\"deviceId\":\"edge-node-alpha\",\"timestamp\":\"2025-11-18T14:03:52.322Z\",\"id\":1763474632322}","timestamp":"2025-11-18T14:03:52.322Z"}
{"level":"warn","message":"Synthetic alert emitted: {\"type\":\"BATTERY_LOW\",\"message\":\"Battery trending low, schedule maintenance\",\"level\":\"danger\",\"deviceId\":\"edge-node-alpha\",\"timestamp\":\"2025-11-18T14:04:00.334Z\",\"id\":1763474640334}","timestamp":"2025-11-18T14:04:00.334Z"}
{"level":"warn","message":"Synthetic alert emitted: {\"type\":\"BATTERY_LOW\",\"message\":\"Battery trending low, schedule maintenance\",\"level\":\"danger\",\"deviceId\":\"edge-node-delta\",\"timestamp\":\"2025-11-18T14:04:00.334Z\",\"id\":1763474640334}","timestamp":"2025-11-18T14:04:00.334Z"}
{"level":"warn","message":"Synthetic alert emitted: {\"type\":\"BATTERY_LOW\",\"message\":\"Battery trending low, schedule maintenance\",\"level\":\"danger\",\"deviceId\":\"edge-node-bravo\",\"timestamp\":\"2025-11-18T14:04:16.349Z\",\"id\":1763474656349}","timestamp":"2025-11-18T14:04:16.350Z"}
{"level":"warn","message":"Synthetic alert emitted: {\"type\":\"BATTERY_LOW\",\"message\":\"Battery trending low, schedule maintenance\",\"level\":\"danger\",\"deviceId\":\"edge-node-charlie\",\"timestamp\":\"2025-11-18T14:04:16.349Z\",\"id\":1763474656349}","timestamp":"2025-11-18T14:04:16.351Z"}
{"level":"warn","message":"Synthetic alert emitted: {\"type\":\"BATTERY_LOW\",\"message\":\"Battery trending low, schedule maintenance\",\"level\":\"danger\",\"deviceId\":\"edge-node-delta\",\"timestamp\":\"2025-11-18T14:04:24.364Z\",\"id\":1763474664364}","timestamp":"2025-11-18T14:04:24.365Z"}
{"level":"warn","message":"Synthetic alert emitted: {\"type\":\"HUMIDITY_HIGH\",\"message\":\"Humidity spike detected\",\"level\":\"info\",\"deviceId\":\"mock-device-001\",\"timestamp\":\"2025-11-18T14:04:24.364Z\",\"id\":1763474664364}","timestamp":"2025-11-18T14:04:24.365Z"}
{"level":"warn","message":"New alert: {\"deviceId\":\"mock-device-001\",\"timestamp\":\"2025-11-18T14:04:29.152Z\",\"type\":\"vibration\",\"message\":\"High vibration detected\",\"value\":0.2883078780742423,\"threshold\":0.4,\"severity\":\"warning\",\"id\":1763474669154}","timestamp":"2025-11-18T14:04:29.154Z"}
{"level":"warn","message":"New alert: {\"deviceId\":\"mock-device-001\",\"timestamp\":\"2025-11-18T14:04:34.162Z\",\"type\":\"high_temp\",\"message\":\"High temperature detected\",\"value\":0.2904863070373255,\"threshold\":30,\"severity\":\"warning\",\"id\":1763474674165}","timestamp":"2025-11-18T14:04:34.165Z"}
{"level":"warn","message":"Synthetic alert emitted: {\"type\":\"BATTERY_LOW\",\"message\":\"Battery trending low, schedule maintenance\",\"level\":\"danger\",\"deviceId\":\"edge-node-delta\",\"timestamp\":\"2025-11-18T14:04:40.380Z\",\"id\":1763474680380}","timestamp":"2025-11-18T14:04:40.380Z"}
{"level":"warn","message":"Synthetic alert emitted: {\"type\":\"BATTERY_LOW\",\"message\":\"Battery trending low, schedule maintenance\",\"level\":\"danger\",\"deviceId\":\"mock-device-001\",\"timestamp\":\"2025-11-18T14:04:48.385Z\",\"id\":1763474688385}","timestamp":"2025-11-18T14:04:48.385Z"}
{"level":"warn","message":"Synthetic alert emitted: {\"type\":\"TEMPERATURE_ANOMALY\",\"message\":\"Temperature moving outside comfort band\",\"level\":\"warning\",\"deviceId\":\"edge-node-bravo\",\"timestamp\":\"2025-11-18T14:04:56.400Z\",\"id\":1763474696400}","timestamp":"2025-11-18T14:04:56.400Z"}
{"level":"warn","message":"Synthetic alert emitted: {\"type\":\"HUMIDITY_HIGH\",\"message\":\"Humidity spike detected\",\"level\":\"info\",\"deviceId\":\"edge-node-charlie\",\"timestamp\":\"2025-11-18T14:04:56.400Z\",\"id\":1763474696400}","timestamp":"2025-11-18T14:04:56.401Z"}
{"level":"warn","message":"Synthetic alert emitted: {\"type\":\"TEMPERATURE_ANOMALY\",\"message\":\"Temperature moving outside comfort band\",\"level\":\"warning\",\"deviceId\":\"edge-node-delta\",\"timestamp\":\"2025-11-18T14:04:56.400Z\",\"id\":1763474696400}","timestamp":"2025-11-18T14:04:56.401Z"}
{"level":"warn","message":"Synthetic alert emitted: {\"type\":\"BATTERY_LOW\",\"message\":\"Battery trending low, schedule maintenance\",\"level\":\"danger\",\"deviceId\":\"edge-node-alpha\",\"timestamp\":\"2025-11-18T14:05:04.404Z\",\"id\":1763474704404}","timestamp":"2025-11-18T14:05:04.405Z"}
{"level":"warn","message":"Synthetic alert emitted: {\"type\":\"TEMPERATURE_ANOMALY\",\"message\":\"Temperature moving outside comfort band\",\"level\":\"warning\",\"deviceId\":\"edge-node-bravo\",\"timestamp\":\"2025-11-18T14:05:12.410Z\",\"id\":1763474712410}","timestamp":"2025-11-18T14:05:12.410Z"}
{"level":"warn","message":"Synthetic alert emitted: {\"type\":\"HUMIDITY_HIGH\",\"message\":\"Humidity spike detected\",\"level\":\"info\",\"deviceId\":\"edge-node-alpha\",\"timestamp\":\"2025-11-18T14:05:20.422Z\",\"id\":1763474720422}","timestamp":"2025-11-18T14:05:20.422Z"}
{"level":"warn","message":"Synthetic alert emitted: {\"type\":\"TEMPERATURE_ANOMALY\",\"message\":\"Temperature moving outside comfort band\",\"level\":\"warning\",\"deviceId\":\"edge-node-charlie\",\"timestamp\":\"2025-11-18T14:05:20.422Z\",\"id\":1763474720422}","timestamp":"2025-11-18T14:05:20.423Z"}
{"level":"warn","message":"Synthetic alert emitted: {\"type\":\"HUMIDITY_HIGH\",\"message\":\"Humidity spike detected\",\"level\":\"info\",\"deviceId\":\"edge-node-delta\",\"timestamp\":\"2025-11-18T14:05:20.422Z\",\"id\":1763474720422}","timestamp":"2025-11-18T14:05:20.424Z"}
{"level":"warn","message":"Synthetic alert emitted: {\"type\":\"TEMPERATURE_ANOMALY\",\"message\":\"Temperature moving outside comfort band\",\"level\":\"warning\",\"deviceId\":\"edge-node-alpha\",\"timestamp\":\"2025-11-18T14:05:28.424Z\",\"id\":1763474728424}","timestamp":"2025-11-18T14:05:28.425Z"}
{"level":"warn","message":"Synthetic alert emitted: {\"type\":\"HUMIDITY_HIGH\",\"message\":\"Humidity spike detected\",\"level\":\"info\",\"deviceId\":\"edge-node-charlie\",\"timestamp\":\"2025-11-18T14:05:28.424Z\",\"id\":1763474728424}","timestamp":"2025-11-18T14:05:28.427Z"}
{"level":"warn","message":"Synthetic alert emitted: {\"type\":\"BATTERY_LOW\",\"message\":\"Battery trending low, schedule maintenance\",\"level\":\"danger\",\"deviceId\":\"edge-node-delta\",\"timestamp\":\"2025-11-18T14:05:28.424Z\",\"id\":1763474728424}","timestamp":"2025-11-18T14:05:28.427Z"}
{"level":"warn","message":"New alert: {\"deviceId\":\"mock-device-001\",\"timestamp\":\"2025-11-18T14:05:29.264Z\",\"type\":\"low_temp\",\"message\":\"Low temperature detected\",\"value\":0.22530275206428105,\"threshold\":20,\"severity\":\"warning\",\"id\":1763474729265}","timestamp":"2025-11-18T14:05:29.266Z"}
{"level":"warn","message":"Synthetic alert emitted: {\"type\":\"TEMPERATURE_ANOMALY\",\"message\":\"Temperature moving outside comfort band\",\"level\":\"warning\",\"deviceId\":\"edge-node-alpha\",\"timestamp\":\"2025-11-18T14:05:44.438Z\",\"id\":1763474744438}","timestamp":"2025-11-18T14:05:44.439Z"}
{"level":"warn","message":"Synthetic alert emitted: {\"type\":\"BATTERY_LOW\",\"message\":\"Battery trending low, schedule maintenance\",\"level\":\"danger\",\"deviceId\":\"edge-node-charlie\",\"timestamp\":\"2025-11-18T14:05:44.438Z\",\"id\":1763474744438}","timestamp":"2025-11-18T14:05:44.439Z"}
{"level":"warn","message":"Synthetic alert emitted: {\"type\":\"BATTERY_LOW\",\"message\":\"Battery trending low, schedule maintenance\",\"level\":\"danger\",\"deviceId\":\"mock-device-001\",\"timestamp\":\"2025-11-18T14:05:44.438Z\",\"id\":1763474744438}","timestamp":"2025-11-18T14:05:44.439Z"}
{"level":"warn","message":"Synthetic alert emitted: {\"type\":\"HUMIDITY_HIGH\",\"message\":\"Humidity spike detected\",\"level\":\"info\",\"deviceId\":\"mock-device-001\",\"timestamp\":\"2025-11-18T14:05:52.447Z\",\"id\":1763474752447}","timestamp":"2025-11-18T14:05:52.448Z"}
{"level":"warn","message":"New alert: {\"deviceId\":\"mock-device-001\",\"timestamp\":\"2025-11-18T14:06:14.343Z\",\"type\":\"low_humidity\",\"message\":\"Low humidity detected\",\"value\":76.6,\"threshold\":30,\"severity\":\"warning\",\"id\":1763474774345}","timestamp":"2025-11-18T14:06:14.345Z"}
{"level":"warn","message":"Synthetic alert emitted: {\"type\":\"HUMIDITY_HIGH\",\"message\":\"Humidity spike detected\",\"level\":\"info\",\"deviceId\":\"edge-node-charlie\",\"timestamp\":\"2025-11-18T14:06:16.459Z\",\"id\":1763474776459}","timestamp":"2025-11-18T14:06:16.459Z"}
{"level":"warn","message":"Synthetic alert emitted: {\"type\":\"HUMIDITY_HIGH\",\"message\":\"Humidity spike detected\",\"level\":\"info\",\"deviceId\":\"edge-node-charlie\",\"timestamp\":\"2025-11-18T14:06:32.473Z\",\"id\":1763474792473}","timestamp":"2025-11-18T14:06:32.474Z"}
{"level":"warn","message":"Synthetic alert emitted: {\"type\":\"BATTERY_LOW\",\"message\":\"Battery trending low, schedule maintenance\",\"level\":\"danger\",\"deviceId\":\"edge-node-charlie\",\"timestamp\":\"2025-11-18T14:06:40.487Z\",\"id\":1763474800487}","timestamp":"2025-11-18T14:06:40.488Z"}
{"level":"warn","message":"Synthetic alert emitted: {\"type\":\"BATTERY_LOW\",\"message\":\"Battery trending low, schedule maintenance\",\"level\":\"danger\",\"deviceId\":\"edge-node-delta\",\"timestamp\":\"2025-11-18T14:06:40.487Z\",\"id\":1763474800487}","timestamp":"2025-11-18T14:06:40.489Z"}
{"level":"warn","message":"New alert: {\"deviceId\":\"mock-device-001\",\"timestamp\":\"2025-11-18T14:06:44.390Z\",\"type\":\"high_temp\",\"message\":\"High temperature detected\",\"value\":0.12349563269989147,\"threshold\":30,\"severity\":\"warning\",\"id\":1763474804393}","timestamp":"2025-11-18T14:06:44.394Z"}
{"level":"warn","message":"Synthetic alert emitted: {\"type\":\"BATTERY_LOW\",\"message\":\"Battery trending low, schedule maintenance\",\"level\":\"danger\",\"deviceId\":\"edge-node-bravo\",\"timestamp\":\"2025-11-18T14:06:56.503Z\",\"id\":1763474816503}","timestamp":"2025-11-18T14:06:56.503Z"}
{"level":"warn","message":"Synthetic alert emitted: {\"type\":\"TEMPERATURE_ANOMALY\",\"message\":\"Temperature moving outside comfort band\",\"level\":\"warning\",\"deviceId\":\"mock-device-001\",\"timestamp\":\"2025-11-18T14:06:56.503Z\",\"id\":1763474816503}","timestamp":"2025-11-18T14:06:56.504Z"}
{"level":"warn","message":"Synthetic alert emitted: {\"type\":\"HUMIDITY_HIGH\",\"message\":\"Humidity spike detected\",\"level\":\"info\",\"deviceId\":\"edge-node-alpha\",\"timestamp\":\"2025-11-18T14:07:04.515Z\",\"id\":1763474824515}","timestamp":"2025-11-18T14:07:04.516Z"}
{"level":"warn","message":"Synthetic alert emitted: {\"type\":\"BATTERY_LOW\",\"message\":\"Battery trending low, schedule maintenance\",\"level\":\"danger\",\"deviceId\":\"edge-node-alpha\",\"timestamp\":\"2025-11-18T14:07:12.523Z\",\"id\":1763474832523}","timestamp":"2025-11-18T14:07:12.524Z"}
{"level":"warn","message":"Synthetic alert emitted: {\"type\":\"BATTERY_LOW\",\"message\":\"Battery trending low, schedule maintenance\",\"level\":\"danger\",\"deviceId\":\"mock-device-001\",\"timestamp\":\"2025-11-18T14:07:12.523Z\",\"id\":1763474832523}","timestamp":"2025-11-18T14:07:12.524Z"}
